<?xml version="1.0" encoding="UTF-8"?>
<!-- Generated by org.testng.reporters.JUnitReportReporter -->
<testsuite skipped="0" hostname="LAPTOP-7086UOAS" name="com.CrudOperations.GetAllProjects" tests="1" failures="0" timestamp="11 Nov 2021 10:11:38 GMT" time="0.020" errors="0">
  <testcase name="getAllProjects" time="0.020" classname="com.CrudOperations.GetAllProjects"/>
</testsuite> <!-- com.CrudOperations.GetAllProjects -->
